2025-04-16 13:43:00 | WARN | repo=tictactoe | action=commit
2025-11-10 19:43:00 | DEBUG | repo=tictactoe | action=commit
2025-12-18 16:08:00 | DEBUG | repo=tictactoe | action=test | passed=true
2025-03-10 20:06:00 | WARN | repo=tictactoe | action=commit
2025-11-25 11:07:00 | WARN | repo=tictactoe | action=commit
2025-06-19 16:36:00 | INFO | repo=tictactoe | action=test | passed=true
2025-06-23 08:07:00 | INFO | repo=tictactoe | action=edit | files=2
2025-10-03 08:00:00 | WARN | repo=tictactoe | action=commit
2025-01-10 19:00:00 | DEBUG | repo=tictactoe | action=pull
2025-11-22 10:13:00 | WARN | repo=tictactoe | action=pull
2025-07-15 09:34:00 | INFO | repo=tictactoe | action=edit | files=4
2025-12-09 21:13:00 | DEBUG | repo=tictactoe | action=commit
2025-04-06 16:55:00 | WARN | repo=tictactoe | action=commit
2025-05-02 18:55:00 | INFO | repo=tictactoe | action=commit
2025-04-22 20:33:00 | DEBUG | repo=tictactoe | action=edit | files=3
2025-12-06 16:00:00 | DEBUG | repo=tictactoe | action=commit
2025-02-14 07:13:00 | INFO | repo=tictactoe | action=edit | files=4
2025-05-27 15:01:00 | WARN | repo=tictactoe | action=commit
2025-07-21 15:04:00 | WARN | repo=tictactoe | action=commit
2025-10-18 09:25:00 | WARN | repo=tictactoe | action=commit
2025-02-16 13:04:00 | INFO | repo=tictactoe | action=commit
2025-03-25 13:41:00 | DEBUG | repo=tictactoe | action=commit
2025-08-17 08:00:00 | INFO | repo=tictactoe | action=edit | files=3
2025-05-27 21:17:00 | INFO | repo=tictactoe | action=commit
2025-08-06 09:18:00 | WARN | repo=tictactoe | action=commit
2025-05-08 17:33:00 | DEBUG | repo=tictactoe | action=edit | files=3
2025-07-20 14:56:00 | INFO | repo=tictactoe | action=commit
2025-04-05 13:43:00 | DEBUG | repo=tictactoe | action=commit
2025-02-03 17:33:00 | WARN | repo=tictactoe | action=commit
2025-12-22 16:57:00 | INFO | repo=tictactoe | action=edit | files=5
2025-05-27 12:44:00 | INFO | repo=tictactoe | action=commit
2025-07-27 12:41:00 | DEBUG | repo=tictactoe | action=pull
2025-07-09 07:01:00 | WARN | repo=tictactoe | action=edit | files=5
2025-11-28 15:49:00 | DEBUG | repo=tictactoe | action=commit
2025-04-14 10:24:00 | INFO | repo=tictactoe | action=commit
2025-08-13 21:59:00 | INFO | repo=tictactoe | action=commit
2025-05-22 17:09:00 | DEBUG | repo=tictactoe | action=commit
2025-07-26 17:31:00 | WARN | repo=tictactoe | action=commit
